<?xml version="1.0" encoding="UTF-8"?>
<testsuite xmlns:xsi="http://www.w3.org/2001/XMLSchema-instance" xsi:noNamespaceSchemaLocation="https://maven.apache.org/surefire/maven-surefire-plugin/xsd/surefire-test-report.xsd" name="solution_tests.StopwordsRemoverTest" time="0.015" tests="1" errors="1" skipped="0" failures="0">
  <properties>
[...]
</properties>
  <testcase name="testRemoveStopwordsFromTextFile" classname="solution_tests.StopwordsRemoverTest" time="0.011">
    <error message="&apos;org.mockito.plugins.MockitoLogger org.mockito.internal.configuration.plugins.Plugins.getMockitoLogger()&apos;" type="java.lang.NoSuchMethodError">java.lang.NoSuchMethodError: 'org.mockito.plugins.MockitoLogger org.mockito.internal.configuration.plugins.Plugins.getMockitoLogger()'
</error>
  </testcase>
</testsuite>